Build started 2013-12-01 14:31:03.
     1>Project "C:\Users\samsung\Desktop\Programy z matur\Matura 2006 Informatyka rozszerzona\zadanie_6_2006_roz\zadanie_6_2006_roz\zadanie_6_2006_roz.vcxproj" on node 2 (build target(s)).
     1>InitializeBuildStatus:
         Creating "Debug\zadanie_6_2006_roz.unsuccessfulbuild" because "AlwaysCreate" was specified.
       ClCompile:
         C:\Program Files (x86)\Microsoft Visual Studio 10.0\VC\bin\CL.exe /c /ZI /nologo /W3 /WX- /Od /Oy- /D WIN32 /D _DEBUG /D _CONSOLE /D _UNICODE /D UNICODE /Gm /EHsc /RTC1 /MDd /GS /fp:precise /Zc:wchar_t /Zc:forScope /Fo"Debug\\" /Fd"Debug\vc100.pdb" /Gd /TP /analyze- /errorReport:prompt zad_6_2006.cpp
         zad_6_2006.cpp
     1>c:\users\samsung\desktop\programy z matur\matura 2006 informatyka rozszerzona\zadanie_6_2006_roz\zadanie_6_2006_roz\zad_6_2006.cpp(18): warning C4018: '<' : signed/unsigned mismatch
     1>c:\users\samsung\desktop\programy z matur\matura 2006 informatyka rozszerzona\zadanie_6_2006_roz\zadanie_6_2006_roz\zad_6_2006.cpp(62): warning C4018: '<' : signed/unsigned mismatch
     1>c:\users\samsung\desktop\programy z matur\matura 2006 informatyka rozszerzona\zadanie_6_2006_roz\zadanie_6_2006_roz\zad_6_2006.cpp(66): warning C4018: '<' : signed/unsigned mismatch
     1>c:\users\samsung\desktop\programy z matur\matura 2006 informatyka rozszerzona\zadanie_6_2006_roz\zadanie_6_2006_roz\zad_6_2006.cpp(76): warning C4018: '<' : signed/unsigned mismatch
     1>c:\users\samsung\desktop\programy z matur\matura 2006 informatyka rozszerzona\zadanie_6_2006_roz\zadanie_6_2006_roz\zad_6_2006.cpp(88): warning C4018: '<' : signed/unsigned mismatch
     1>c:\users\samsung\desktop\programy z matur\matura 2006 informatyka rozszerzona\zadanie_6_2006_roz\zadanie_6_2006_roz\zad_6_2006.cpp(102): warning C4018: '<' : signed/unsigned mismatch
     1>c:\users\samsung\desktop\programy z matur\matura 2006 informatyka rozszerzona\zadanie_6_2006_roz\zadanie_6_2006_roz\zad_6_2006.cpp(111): warning C4018: '<' : signed/unsigned mismatch
     1>c:\users\samsung\desktop\programy z matur\matura 2006 informatyka rozszerzona\zadanie_6_2006_roz\zadanie_6_2006_roz\zad_6_2006.cpp(117): warning C4018: '<' : signed/unsigned mismatch
     1>c:\users\samsung\desktop\programy z matur\matura 2006 informatyka rozszerzona\zadanie_6_2006_roz\zadanie_6_2006_roz\zad_6_2006.cpp(128): warning C4018: '<' : signed/unsigned mismatch
     1>c:\users\samsung\desktop\programy z matur\matura 2006 informatyka rozszerzona\zadanie_6_2006_roz\zadanie_6_2006_roz\zad_6_2006.cpp(131): warning C4018: '<' : signed/unsigned mismatch
     1>c:\users\samsung\desktop\programy z matur\matura 2006 informatyka rozszerzona\zadanie_6_2006_roz\zadanie_6_2006_roz\zad_6_2006.cpp(142): warning C4018: '<' : signed/unsigned mismatch
       ManifestResourceCompile:
         All outputs are up-to-date.
       Link:
         C:\Program Files (x86)\Microsoft Visual Studio 10.0\VC\bin\link.exe /ERRORREPORT:PROMPT /OUT:"C:\Users\samsung\Desktop\Programy z matur\Matura 2006 Informatyka rozszerzona\zadanie_6_2006_roz\Debug\zadanie_6_2006_roz.exe" /INCREMENTAL /NOLOGO kernel32.lib user32.lib gdi32.lib winspool.lib comdlg32.lib advapi32.lib shell32.lib ole32.lib oleaut32.lib uuid.lib odbc32.lib odbccp32.lib /MANIFEST /ManifestFile:"Debug\zadanie_6_2006_roz.exe.intermediate.manifest" /MANIFESTUAC:"level='asInvoker' uiAccess='false'" /DEBUG /PDB:"C:\Users\samsung\Desktop\Programy z matur\Matura 2006 Informatyka rozszerzona\zadanie_6_2006_roz\Debug\zadanie_6_2006_roz.pdb" /SUBSYSTEM:CONSOLE /TLBID:1 /DYNAMICBASE /NXCOMPAT /IMPLIB:"C:\Users\samsung\Desktop\Programy z matur\Matura 2006 Informatyka rozszerzona\zadanie_6_2006_roz\Debug\zadanie_6_2006_roz.lib" /MACHINE:X86 Debug\zadanie_6_2006_roz.exe.embed.manifest.res
         Debug\zad_6_2006.obj
       Manifest:
         C:\Program Files (x86)\Microsoft SDKs\Windows\v7.0A\bin\mt.exe /nologo /verbose /out:"Debug\zadanie_6_2006_roz.exe.embed.manifest" /manifest Debug\zadanie_6_2006_roz.exe.intermediate.manifest
         All outputs are up-to-date.
       LinkEmbedManifest:
         All outputs are up-to-date.
         zadanie_6_2006_roz.vcxproj -> C:\Users\samsung\Desktop\Programy z matur\Matura 2006 Informatyka rozszerzona\zadanie_6_2006_roz\Debug\zadanie_6_2006_roz.exe
       FinalizeBuildStatus:
         Deleting file "Debug\zadanie_6_2006_roz.unsuccessfulbuild".
         Touching "Debug\zadanie_6_2006_roz.lastbuildstate".
     1>Done Building Project "C:\Users\samsung\Desktop\Programy z matur\Matura 2006 Informatyka rozszerzona\zadanie_6_2006_roz\zadanie_6_2006_roz\zadanie_6_2006_roz.vcxproj" (build target(s)).

Build succeeded.

Time Elapsed 00:00:02.52
